total 1560
drwxr-xr-x   35 zhangyue  staff    1120 Oct 30 09:23 .
drwxr-xr-x    6 zhangyue  staff     192 May 22 10:10 ..
-rw-r--r--@   1 zhangyue  staff    6148 Jul  2 16:03 .DS_Store
-rw-r--r--    1 zhangyue  staff     220 May 18 23:37 .editorconfig
-rw-r--r--    1 zhangyue  staff    1060 Oct 13 09:17 .env
-rw-r--r--    1 zhangyue  staff     815 Oct 13 09:17 .env.example
-rw-r--r--    1 zhangyue  staff     111 May 18 23:37 .gitattributes
-rw-r--r--    1 zhangyue  staff     191 May 18 23:37 .gitignore
drwxr-xr-x   12 zhangyue  staff     384 Nov  9 09:12 .idea
-rw-r--r--    1 zhangyue  staff     181 May 18 23:37 .styleci.yml
-rw-r--r--    1 zhangyue  staff    3810 May 18 23:37 README.md
drwxr-xr-x   15 zhangyue  staff     480 Oct 25 09:35 app
-rwxr-xr-x    1 zhangyue  staff    1686 May 18 23:37 artisan
drwxr-xr-x    4 zhangyue  staff     128 May 18 23:37 bootstrap
-rw-r--r--    1 zhangyue  staff    1816 Oct 14 09:05 composer.json
-rw-r--r--    1 zhangyue  staff  325283 Oct 14 09:05 composer.lock
drwxr-xr-x   18 zhangyue  staff     576 Nov  2 09:34 config
drwxr-xr-x    6 zhangyue  staff     192 May 18 23:37 database
-rw-r--r--    1 zhangyue  staff       0 Nov  9 09:16 exec_command1.log
drwxr-xr-x  583 zhangyue  staff   18656 Oct 13 09:18 node_modules
-rw-r--r--    1 zhangyue  staff  364715 Oct 13 09:18 package-lock.json
-rw-r--r--    1 zhangyue  staff     882 Oct 13 09:17 package.json
-rw-r--r--    1 zhangyue  staff    1202 May 18 23:37 phpunit.xml
drwxr-xr-x   11 zhangyue  staff     352 Oct 13 09:15 public
drwxr-xr-x    7 zhangyue  staff     224 Oct 13 09:04 resources
drwxr-xr-x    6 zhangyue  staff     192 Nov  3 09:09 routes
-rw-r--r--    1 zhangyue  staff     563 May 18 23:37 server.php
drwxrwxrwx    5 zhangyue  staff     160 May 18 23:37 storage
-rw-r--r--    1 zhangyue  staff     626 Oct 13 09:17 tailwind.config.js
drwxr-xr-x    6 zhangyue  staff     192 May 18 23:37 tests
-rw-r--r--    1 zhangyue  staff     376 Oct 20 13:59 ttt.html
drwxr-xr-x   55 zhangyue  staff    1760 Oct 14 09:05 vendor
-rw-r--r--    1 zhangyue  staff     150 Oct 13 09:17 webpack.config.js
-rw-r--r--    1 zhangyue  staff     717 Oct 13 09:17 webpack.mix.js
-rw-r--r--    1 zhangyue  staff   28643 Nov  9 09:16 zyblog_test1.log
